# JRE version: OpenJDK Runtime Environment (8.0_76-b03) (build 1.8.0_76-release-b03)
# Java VM: OpenJDK 64-Bit Server VM (25.76-b03 mixed mode windows-amd64 compressed oops)
Heap:
 PSYoungGen      total 320512K, used 62520K [0x00000000e0000000, 0x00000000f7200000, 0x0000000100000000)
  eden space 292352K, 11% used [0x00000000e0000000,0x00000000e2194f80,0x00000000f1d80000)
  from space 28160K, 99% used [0x00000000f4400000,0x00000000f5f792d0,0x00000000f5f80000)
  to   space 39424K, 0% used [0x00000000f1d80000,0x00000000f1d80000,0x00000000f4400000)
 ParOldGen       total 92160K, used 60601K [0x00000000a0000000, 0x00000000a5a00000, 0x00000000e0000000)
  object space 92160K, 65% used [0x00000000a0000000,0x00000000a3b2e6c8,0x00000000a5a00000)
 Metaspace       used 56331K, capacity 58536K, committed 58624K, reserved 1099776K
  class space    used 7342K, capacity 7863K, committed 7936K, reserved 1048576K
GC Heap History (10 events):
Event: 5.973 GC heap before
{Heap before GC invocations=8 (full 2):
 PSYoungGen      total 178688K, used 10976K [0x00000000e0000000, 0x00000000ee800000, 0x0000000100000000)
  eden space 166912K, 0% used [0x00000000e0000000,0x00000000e0000000,0x00000000ea300000)
  from space 11776K, 93% used [0x00000000eaf80000,0x00000000eba381f0,0x00000000ebb00000)
  to   space 12800K, 0% used [0x00000000ea300000,0x00000000ea300000,0x00000000eaf80000)
 ParOldGen       total 65536K, used 17959K [0x00000000a0000000, 0x00000000a4000000, 0x00000000e0000000)
  object space 65536K, 27% used [0x00000000a0000000,0x00000000a1189f18,0x00000000a4000000)
 Metaspace       used 34695K, capacity 35206K, committed 35496K, reserved 1079296K
  class space    used 4643K, capacity 4792K, committed 4864K, reserved 1048576K
Event: 6.038 GC heap after
Heap after GC invocations=8 (full 2):
 PSYoungGen      total 178688K, used 0K [0x00000000e0000000, 0x00000000ee800000, 0x0000000100000000)
  eden space 166912K, 0% used [0x00000000e0000000,0x00000000e0000000,0x00000000ea300000)
  from space 11776K, 0% used [0x00000000eaf80000,0x00000000eaf80000,0x00000000ebb00000)
  to   space 12800K, 0% used [0x00000000ea300000,0x00000000ea300000,0x00000000eaf80000)
 ParOldGen       total 92160K, used 18016K [0x00000000a0000000, 0x00000000a5a00000, 0x00000000e0000000)
  object space 92160K, 19% used [0x00000000a0000000,0x00000000a1198198,0x00000000a5a00000)
 Metaspace       used 34695K, capacity 35206K, committed 35496K, reserved 1079296K
  class space    used 4643K, capacity 4792K, committed 4864K, reserved 1048576K
}
Event: 7.750 GC heap before
{Heap before GC invocations=9 (full 2):
 PSYoungGen      total 178688K, used 166912K [0x00000000e0000000, 0x00000000ee800000, 0x0000000100000000)
  eden space 166912K, 100% used [0x00000000e0000000,0x00000000ea300000,0x00000000ea300000)
  from space 11776K, 0% used [0x00000000eaf80000,0x00000000eaf80000,0x00000000ebb00000)
  to   space 12800K, 0% used [0x00000000ea300000,0x00000000ea300000,0x00000000eaf80000)
 ParOldGen       total 92160K, used 18016K [0x00000000a0000000, 0x00000000a5a00000, 0x00000000e0000000)
  object space 92160K, 19% used [0x00000000a0000000,0x00000000a1198198,0x00000000a5a00000)
 Metaspace       used 41908K, capacity 42798K, committed 43264K, reserved 1087488K
  class space    used 5538K, capacity 5773K, committed 5888K, reserved 1048576K
Event: 7.767 GC heap after
Heap after GC invocations=9 (full 2):
 PSYoungGen      total 179712K, used 12308K [0x00000000e0000000, 0x00000000f0e80000, 0x0000000100000000)
  eden space 166912K, 0% used [0x00000000e0000000,0x00000000e0000000,0x00000000ea300000)
  from space 12800K, 96% used [0x00000000ea300000,0x00000000eaf05200,0x00000000eaf80000)
  to   space 14336K, 0% used [0x00000000f0080000,0x00000000f0080000,0x00000000f0e80000)
 ParOldGen       total 92160K, used 18088K [0x00000000a0000000, 0x00000000a5a00000, 0x00000000e0000000)
  object space 92160K, 19% used [0x00000000a0000000,0x00000000a11aa1a8,0x00000000a5a00000)
 Metaspace       used 41908K, capacity 42798K, committed 43264K, reserved 1087488K
  class space    used 5538K, capacity 5773K, committed 5888K, reserved 1048576K
}
Event: 9.831 GC heap before
{Heap before GC invocations=10 (full 2):
 PSYoungGen      total 179712K, used 179220K [0x00000000e0000000, 0x00000000f0e80000, 0x0000000100000000)
  eden space 166912K, 100% used [0x00000000e0000000,0x00000000ea300000,0x00000000ea300000)
  from space 12800K, 96% used [0x00000000ea300000,0x00000000eaf05200,0x00000000eaf80000)
  to   space 14336K, 0% used [0x00000000f0080000,0x00000000f0080000,0x00000000f0e80000)
 ParOldGen       total 92160K, used 18088K [0x00000000a0000000, 0x00000000a5a00000, 0x00000000e0000000)
  object space 92160K, 19% used [0x00000000a0000000,0x00000000a11aa1a8,0x00000000a5a00000)
 Metaspace       used 48514K, capacity 50074K, committed 50304K, reserved 1093632K
  class space    used 6440K, capacity 6777K, committed 6784K, reserved 1048576K
Event: 9.848 GC heap after
Heap after GC invocations=10 (full 2):
 PSYoungGen      total 256512K, used 14318K [0x00000000e0000000, 0x00000000f1280000, 0x0000000100000000)
  eden space 242176K, 0% used [0x00000000e0000000,0x00000000e0000000,0x00000000eec80000)
  from space 14336K, 99% used [0x00000000f0080000,0x00000000f0e7b9e0,0x00000000f0e80000)
  to   space 19456K, 0% used [0x00000000eec80000,0x00000000eec80000,0x00000000eff80000)
 ParOldGen       total 92160K, used 25156K [0x00000000a0000000, 0x00000000a5a00000, 0x00000000e0000000)
  object space 92160K, 27% used [0x00000000a0000000,0x00000000a18913d0,0x00000000a5a00000)
 Metaspace       used 48514K, capacity 50074K, committed 50304K, reserved 1093632K
  class space    used 6440K, capacity 6777K, committed 6784K, reserved 1048576K
}
Event: 14.453 GC heap before
{Heap before GC invocations=11 (full 2):
 PSYoungGen      total 256512K, used 256494K [0x00000000e0000000, 0x00000000f1280000, 0x0000000100000000)
  eden space 242176K, 100% used [0x00000000e0000000,0x00000000eec80000,0x00000000eec80000)
  from space 14336K, 99% used [0x00000000f0080000,0x00000000f0e7b9e0,0x00000000f0e80000)
  to   space 19456K, 0% used [0x00000000eec80000,0x00000000eec80000,0x00000000eff80000)
 ParOldGen       total 92160K, used 25156K [0x00000000a0000000, 0x00000000a5a00000, 0x00000000e0000000)
  object space 92160K, 27% used [0x00000000a0000000,0x00000000a18913d0,0x00000000a5a00000)
 Metaspace       used 51271K, capacity 53180K, committed 53248K, reserved 1095680K
  class space    used 6712K, capacity 7147K, committed 7168K, reserved 1048576K
Event: 14.492 GC heap after
Heap after GC invocations=11 (full 2):
 PSYoungGen      total 261632K, used 19454K [0x00000000e0000000, 0x00000000f5f80000, 0x0000000100000000)
  eden space 242176K, 0% used [0x00000000e0000000,0x00000000e0000000,0x00000000eec80000)
  from space 19456K, 99% used [0x00000000eec80000,0x00000000eff7f828,0x00000000eff80000)
  to   space 28160K, 0% used [0x00000000f4400000,0x00000000f4400000,0x00000000f5f80000)
 ParOldGen       total 92160K, used 40666K [0x00000000a0000000, 0x00000000a5a00000, 0x00000000e0000000)
  object space 92160K, 44% used [0x00000000a0000000,0x00000000a27b6b18,0x00000000a5a00000)
 Metaspace       used 51271K, capacity 53180K, committed 53248K, reserved 1095680K
  class space    used 6712K, capacity 7147K, committed 7168K, reserved 1048576K
}
Event: 19.487 GC heap before
{Heap before GC invocations=12 (full 2):
 PSYoungGen      total 261632K, used 261630K [0x00000000e0000000, 0x00000000f5f80000, 0x0000000100000000)
  eden space 242176K, 100% used [0x00000000e0000000,0x00000000eec80000,0x00000000eec80000)
  from space 19456K, 99% used [0x00000000eec80000,0x00000000eff7f828,0x00000000eff80000)
  to   space 28160K, 0% used [0x00000000f4400000,0x00000000f4400000,0x00000000f5f80000)
 ParOldGen       total 92160K, used 40666K [0x00000000a0000000, 0x00000000a5a00000, 0x00000000e0000000)
  object space 92160K, 44% used [0x00000000a0000000,0x00000000a27b6b18,0x00000000a5a00000)
 Metaspace       used 55581K, capacity 57660K, committed 57728K, reserved 1099776K
  class space    used 7280K, capacity 7759K, committed 7808K, reserved 1048576K
Event: 19.530 GC heap after
Heap after GC invocations=12 (full 2):
 PSYoungGen      total 320512K, used 28132K [0x00000000e0000000, 0x00000000f7200000, 0x0000000100000000)
  eden space 292352K, 0% used [0x00000000e0000000,0x00000000e0000000,0x00000000f1d80000)
  from space 28160K, 99% used [0x00000000f4400000,0x00000000f5f792d0,0x00000000f5f80000)
  to   space 39424K, 0% used [0x00000000f1d80000,0x00000000f1d80000,0x00000000f4400000)
 ParOldGen       total 92160K, used 60601K [0x00000000a0000000, 0x00000000a5a00000, 0x00000000e0000000)
  object space 92160K, 65% used [0x00000000a0000000,0x00000000a3b2e6c8,0x00000000a5a00000)
 Metaspace       used 55581K, capacity 57660K, committed 57728K, reserved 1099776K
  class space    used 7280K, capacity 7759K, committed 7808K, reserved 1048576K
}

